Flow report for LPM
Thu Oct 22 16:42:25 2015
Quartus II 64-Bit Version 13.0.1 Build 232 06/12/2013 Service Pack 1 SJ Web Edition


---------------------
; Table of Contents ;
---------------------
  1. Legal Notice
  2. Flow Summary
  3. Flow Settings
  4. Flow Non-Default Global Settings
  5. Flow Elapsed Time
  6. Flow OS Summary
  7. Flow Log
  8. Flow Messages
  9. Flow Suppressed Messages



----------------
; Legal Notice ;
----------------
Copyright (C) 1991-2013 Altera Corporation
Your use of Altera Corporation's design tools, logic functions 
and other software and tools, and its AMPP partner logic 
functions, and any output files from any of the foregoing 
(including device programming or simulation files), and any 
associated documentation or information are expressly subject 
to the terms and conditions of the Altera Program License 
Subscription Agreement, Altera MegaCore Function License 
Agreement, or other applicable license agreement, including, 
without limitation, that your use is for the sole purpose of 
programming logic devices manufactured by Altera and sold by 
Altera or its authorized distributors.  Please refer to the 
applicable agreement for further details.



+--------------------------------------------------------------------------------------+
; Flow Summary                                                                         ;
+------------------------------------+-------------------------------------------------+
; Flow Status                        ; Successful - Thu Oct 22 16:42:25 2015           ;
; Quartus II 64-Bit Version          ; 13.0.1 Build 232 06/12/2013 SP 1 SJ Web Edition ;
; Revision Name                      ; LPM                                             ;
; Top-level Entity Name              ; registerarray                                   ;
; Family                             ; Cyclone II                                      ;
; Device                             ; EP2C35F672C6                                    ;
; Timing Models                      ; Final                                           ;
; Total logic elements               ; 2,485 / 33,216 ( 7 % )                          ;
;     Total combinational functions  ; 2,111 / 33,216 ( 6 % )                          ;
;     Dedicated logic registers      ; 1,120 / 33,216 ( 3 % )                          ;
; Total registers                    ; 1120                                            ;
; Total pins                         ; 152 / 475 ( 32 % )                              ;
; Total virtual pins                 ; 0                                               ;
; Total memory bits                  ; 0 / 483,840 ( 0 % )                             ;
; Embedded Multiplier 9-bit elements ; 0 / 70 ( 0 % )                                  ;
; Total PLLs                         ; 0 / 4 ( 0 % )                                   ;
+------------------------------------+-------------------------------------------------+


+-----------------------------------------+
; Flow Settings                           ;
+-------------------+---------------------+
; Option            ; Setting             ;
+-------------------+---------------------+
; Start date & time ; 10/22/2015 16:41:45 ;
; Main task         ; Compilation         ;
; Revision Name     ; LPM                 ;
+-------------------+---------------------+


+------------------------------------------------------------------------------------------------------------------------+
; Flow Non-Default Global Settings                                                                                       ;
+-------------------------------------+---------------------------------+---------------+---------------+----------------+
; Assignment Name                     ; Value                           ; Default Value ; Entity Name   ; Section Id     ;
+-------------------------------------+---------------------------------+---------------+---------------+----------------+
; COMPILER_SIGNATURE_ID               ; 176694087003704.144554650505656 ; --            ; --            ; --             ;
; EDA_GENERATE_FUNCTIONAL_NETLIST     ; On                              ; --            ; --            ; eda_simulation ;
; EDA_OUTPUT_DATA_FORMAT              ; Verilog Hdl                     ; --            ; --            ; eda_simulation ;
; EDA_SIMULATION_TOOL                 ; ModelSim-Altera (Verilog)       ; <None>        ; --            ; --             ;
; IP_TOOL_NAME                        ; RAM: 1-PORT                     ; --            ; --            ; --             ;
; IP_TOOL_NAME                        ; RAM: 1-PORT                     ; --            ; --            ; --             ;
; IP_TOOL_NAME                        ; ROM: 1-PORT                     ; --            ; --            ; --             ;
; IP_TOOL_NAME                        ; LPM_MUX                         ; --            ; --            ; --             ;
; IP_TOOL_NAME                        ; LPM_MUX                         ; --            ; --            ; --             ;
; IP_TOOL_VERSION                     ; 13.0                            ; --            ; --            ; --             ;
; IP_TOOL_VERSION                     ; 13.0                            ; --            ; --            ; --             ;
; IP_TOOL_VERSION                     ; 13.0                            ; --            ; --            ; --             ;
; IP_TOOL_VERSION                     ; 13.0                            ; --            ; --            ; --             ;
; IP_TOOL_VERSION                     ; 13.0                            ; --            ; --            ; --             ;
; MAX_CORE_JUNCTION_TEMP              ; 85                              ; --            ; --            ; --             ;
; MIN_CORE_JUNCTION_TEMP              ; 0                               ; --            ; --            ; --             ;
; MISC_FILE                           ; ramlpm.cmp                      ; --            ; --            ; --             ;
; MISC_FILE                           ; ram.bsf                         ; --            ; --            ; --             ;
; MISC_FILE                           ; ram_inst.v                      ; --            ; --            ; --             ;
; MISC_FILE                           ; ram_bb.v                        ; --            ; --            ; --             ;
; MISC_FILE                           ; ram.inc                         ; --            ; --            ; --             ;
; MISC_FILE                           ; ram.cmp                         ; --            ; --            ; --             ;
; MISC_FILE                           ; rom.bsf                         ; --            ; --            ; --             ;
; MISC_FILE                           ; rom_inst.v                      ; --            ; --            ; --             ;
; MISC_FILE                           ; rom_bb.v                        ; --            ; --            ; --             ;
; MISC_FILE                           ; rom.inc                         ; --            ; --            ; --             ;
; MISC_FILE                           ; rom.cmp                         ; --            ; --            ; --             ;
; MISC_FILE                           ; lpm_mux0.bsf                    ; --            ; --            ; --             ;
; MISC_FILE                           ; lpm_mux0_bb.v                   ; --            ; --            ; --             ;
; MISC_FILE                           ; lpm_mux1.bsf                    ; --            ; --            ; --             ;
; MISC_FILE                           ; lpm_mux1_bb.v                   ; --            ; --            ; --             ;
; PARTITION_COLOR                     ; 16764057                        ; --            ; registerarray ; Top            ;
; PARTITION_FITTER_PRESERVATION_LEVEL ; PLACEMENT_AND_ROUTING           ; --            ; registerarray ; Top            ;
; PARTITION_NETLIST_TYPE              ; SOURCE                          ; --            ; registerarray ; Top            ;
; PROJECT_OUTPUT_DIRECTORY            ; output_files                    ; --            ; --            ; --             ;
; TOP_LEVEL_ENTITY                    ; registerarray                   ; LPM           ; --            ; --             ;
+-------------------------------------+---------------------------------+---------------+---------------+----------------+


+-------------------------------------------------------------------------------------------------------------------------------+
; Flow Elapsed Time                                                                                                             ;
+---------------------------+--------------+-------------------------+---------------------+------------------------------------+
; Module Name               ; Elapsed Time ; Average Processors Used ; Peak Virtual Memory ; Total CPU Time (on all processors) ;
+---------------------------+--------------+-------------------------+---------------------+------------------------------------+
; Analysis & Synthesis      ; 00:00:07     ; 1.0                     ; 520 MB              ; 00:00:06                           ;
; Fitter                    ; 00:00:24     ; 1.0                     ; 793 MB              ; 00:00:24                           ;
; Assembler                 ; 00:00:02     ; 1.0                     ; 451 MB              ; 00:00:02                           ;
; TimeQuest Timing Analyzer ; 00:00:02     ; 1.0                     ; 465 MB              ; 00:00:02                           ;
; EDA Netlist Writer        ; 00:00:01     ; 1.0                     ; 416 MB              ; 00:00:01                           ;
; Total                     ; 00:00:36     ; --                      ; --                  ; 00:00:35                           ;
+---------------------------+--------------+-------------------------+---------------------+------------------------------------+


+----------------------------------------------------------------------------------------+
; Flow OS Summary                                                                        ;
+---------------------------+------------------+-----------+------------+----------------+
; Module Name               ; Machine Hostname ; OS Name   ; OS Version ; Processor type ;
+---------------------------+------------------+-----------+------------+----------------+
; Analysis & Synthesis      ; Goshe            ; Windows 7 ; 6.2        ; x86_64         ;
; Fitter                    ; Goshe            ; Windows 7 ; 6.2        ; x86_64         ;
; Assembler                 ; Goshe            ; Windows 7 ; 6.2        ; x86_64         ;
; TimeQuest Timing Analyzer ; Goshe            ; Windows 7 ; 6.2        ; x86_64         ;
; EDA Netlist Writer        ; Goshe            ; Windows 7 ; 6.2        ; x86_64         ;
+---------------------------+------------------+-----------+------------+----------------+


------------
; Flow Log ;
------------
quartus_map --read_settings_files=on --write_settings_files=off LPM -c LPM
quartus_fit --read_settings_files=off --write_settings_files=off LPM -c LPM
quartus_asm --read_settings_files=off --write_settings_files=off LPM -c LPM
quartus_sta LPM -c LPM
quartus_eda --read_settings_files=off --write_settings_files=off LPM -c LPM



