Analysis & Synthesis report for LPM
Thu Oct 22 16:41:51 2015
Quartus II 64-Bit Version 13.0.1 Build 232 06/12/2013 Service Pack 1 SJ Web Edition


---------------------
; Table of Contents ;
---------------------
  1. Legal Notice
  2. Analysis & Synthesis Summary
  3. Analysis & Synthesis Settings
  4. Parallel Compilation
  5. Analysis & Synthesis Source Files Read
  6. Analysis & Synthesis Resource Usage Summary
  7. Analysis & Synthesis Resource Utilization by Entity
  8. General Register Statistics
  9. Inverted Register Statistics
 10. Multiplexer Restructuring Statistics (Restructuring Performed)
 11. Elapsed Time Per Partition
 12. Analysis & Synthesis Messages
 13. Analysis & Synthesis Suppressed Messages



----------------
; Legal Notice ;
----------------
Copyright (C) 1991-2013 Altera Corporation
Your use of Altera Corporation's design tools, logic functions 
and other software and tools, and its AMPP partner logic 
functions, and any output files from any of the foregoing 
(including device programming or simulation files), and any 
associated documentation or information are expressly subject 
to the terms and conditions of the Altera Program License 
Subscription Agreement, Altera MegaCore Function License 
Agreement, or other applicable license agreement, including, 
without limitation, that your use is for the sole purpose of 
programming logic devices manufactured by Altera and sold by 
Altera or its authorized distributors.  Please refer to the 
applicable agreement for further details.



+--------------------------------------------------------------------------------------+
; Analysis & Synthesis Summary                                                         ;
+------------------------------------+-------------------------------------------------+
; Analysis & Synthesis Status        ; Successful - Thu Oct 22 16:41:51 2015           ;
; Quartus II 64-Bit Version          ; 13.0.1 Build 232 06/12/2013 SP 1 SJ Web Edition ;
; Revision Name                      ; LPM                                             ;
; Top-level Entity Name              ; registerarray                                   ;
; Family                             ; Cyclone II                                      ;
; Total logic elements               ; 3,093                                           ;
;     Total combinational functions  ; 2,111                                           ;
;     Dedicated logic registers      ; 1,120                                           ;
; Total registers                    ; 1120                                            ;
; Total pins                         ; 152                                             ;
; Total virtual pins                 ; 0                                               ;
; Total memory bits                  ; 0                                               ;
; Embedded Multiplier 9-bit elements ; 0                                               ;
; Total PLLs                         ; 0                                               ;
+------------------------------------+-------------------------------------------------+


+----------------------------------------------------------------------------------------------------------------------+
; Analysis & Synthesis Settings                                                                                        ;
+----------------------------------------------------------------------------+--------------------+--------------------+
; Option                                                                     ; Setting            ; Default Value      ;
+----------------------------------------------------------------------------+--------------------+--------------------+
; Device                                                                     ; EP2C35F672C6       ;                    ;
; Top-level entity name                                                      ; registerarray      ; LPM                ;
; Family name                                                                ; Cyclone II         ; Cyclone IV GX      ;
; Use smart compilation                                                      ; Off                ; Off                ;
; Enable parallel Assembler and TimeQuest Timing Analyzer during compilation ; On                 ; On                 ;
; Enable compact report table                                                ; Off                ; Off                ;
; Restructure Multiplexers                                                   ; Auto               ; Auto               ;
; Create Debugging Nodes for IP Cores                                        ; Off                ; Off                ;
; Preserve fewer node names                                                  ; On                 ; On                 ;
; Disable OpenCore Plus hardware evaluation                                  ; Off                ; Off                ;
; Verilog Version                                                            ; Verilog_2001       ; Verilog_2001       ;
; VHDL Version                                                               ; VHDL_1993          ; VHDL_1993          ;
; State Machine Processing                                                   ; Auto               ; Auto               ;
; Safe State Machine                                                         ; Off                ; Off                ;
; Extract Verilog State Machines                                             ; On                 ; On                 ;
; Extract VHDL State Machines                                                ; On                 ; On                 ;
; Ignore Verilog initial constructs                                          ; Off                ; Off                ;
; Iteration limit for constant Verilog loops                                 ; 5000               ; 5000               ;
; Iteration limit for non-constant Verilog loops                             ; 250                ; 250                ;
; Add Pass-Through Logic to Inferred RAMs                                    ; On                 ; On                 ;
; Infer RAMs from Raw Logic                                                  ; On                 ; On                 ;
; Parallel Synthesis                                                         ; On                 ; On                 ;
; DSP Block Balancing                                                        ; Auto               ; Auto               ;
; NOT Gate Push-Back                                                         ; On                 ; On                 ;
; Power-Up Don't Care                                                        ; On                 ; On                 ;
; Remove Redundant Logic Cells                                               ; Off                ; Off                ;
; Remove Duplicate Registers                                                 ; On                 ; On                 ;
; Ignore CARRY Buffers                                                       ; Off                ; Off                ;
; Ignore CASCADE Buffers                                                     ; Off                ; Off                ;
; Ignore GLOBAL Buffers                                                      ; Off                ; Off                ;
; Ignore ROW GLOBAL Buffers                                                  ; Off                ; Off                ;
; Ignore LCELL Buffers                                                       ; Off                ; Off                ;
; Ignore SOFT Buffers                                                        ; On                 ; On                 ;
; Limit AHDL Integers to 32 Bits                                             ; Off                ; Off                ;
; Optimization Technique                                                     ; Balanced           ; Balanced           ;
; Carry Chain Length                                                         ; 70                 ; 70                 ;
; Auto Carry Chains                                                          ; On                 ; On                 ;
; Auto Open-Drain Pins                                                       ; On                 ; On                 ;
; Perform WYSIWYG Primitive Resynthesis                                      ; Off                ; Off                ;
; Auto ROM Replacement                                                       ; On                 ; On                 ;
; Auto RAM Replacement                                                       ; On                 ; On                 ;
; Auto Shift Register Replacement                                            ; Auto               ; Auto               ;
; Allow Shift Register Merging across Hierarchies                            ; Auto               ; Auto               ;
; Auto Clock Enable Replacement                                              ; On                 ; On                 ;
; Strict RAM Replacement                                                     ; Off                ; Off                ;
; Allow Synchronous Control Signals                                          ; On                 ; On                 ;
; Force Use of Synchronous Clear Signals                                     ; Off                ; Off                ;
; Auto RAM to Logic Cell Conversion                                          ; Off                ; Off                ;
; Auto Resource Sharing                                                      ; Off                ; Off                ;
; Allow Any RAM Size For Recognition                                         ; Off                ; Off                ;
; Allow Any ROM Size For Recognition                                         ; Off                ; Off                ;
; Allow Any Shift Register Size For Recognition                              ; Off                ; Off                ;
; Use LogicLock Constraints during Resource Balancing                        ; On                 ; On                 ;
; Ignore translate_off and synthesis_off directives                          ; Off                ; Off                ;
; Timing-Driven Synthesis                                                    ; Off                ; Off                ;
; Report Parameter Settings                                                  ; On                 ; On                 ;
; Report Source Assignments                                                  ; On                 ; On                 ;
; Report Connectivity Checks                                                 ; On                 ; On                 ;
; Ignore Maximum Fan-Out Assignments                                         ; Off                ; Off                ;
; Synchronization Register Chain Length                                      ; 2                  ; 2                  ;
; PowerPlay Power Optimization                                               ; Normal compilation ; Normal compilation ;
; HDL message level                                                          ; Level2             ; Level2             ;
; Suppress Register Optimization Related Messages                            ; Off                ; Off                ;
; Number of Removed Registers Reported in Synthesis Report                   ; 5000               ; 5000               ;
; Number of Swept Nodes Reported in Synthesis Report                         ; 5000               ; 5000               ;
; Number of Inverted Registers Reported in Synthesis Report                  ; 100                ; 100                ;
; Clock MUX Protection                                                       ; On                 ; On                 ;
; Auto Gated Clock Conversion                                                ; Off                ; Off                ;
; Block Design Naming                                                        ; Auto               ; Auto               ;
; SDC constraint protection                                                  ; Off                ; Off                ;
; Synthesis Effort                                                           ; Auto               ; Auto               ;
; Shift Register Replacement - Allow Asynchronous Clear Signal               ; On                 ; On                 ;
; Pre-Mapping Resynthesis Optimization                                       ; Off                ; Off                ;
; Analysis & Synthesis Message Level                                         ; Medium             ; Medium             ;
; Disable Register Merging Across Hierarchies                                ; Auto               ; Auto               ;
; Resource Aware Inference For Block RAM                                     ; On                 ; On                 ;
; Synthesis Seed                                                             ; 1                  ; 1                  ;
+----------------------------------------------------------------------------+--------------------+--------------------+


Parallel compilation was disabled, but you have multiple processors available. Enable parallel compilation to reduce compilation time.
+-------------------------------------+
; Parallel Compilation                ;
+----------------------------+--------+
; Processors                 ; Number ;
+----------------------------+--------+
; Number detected on machine ; 8      ;
; Maximum allowed            ; 1      ;
+----------------------------+--------+


+------------------------------------------------------------------------------------------------------------------------------------------------------------------+
; Analysis & Synthesis Source Files Read                                                                                                                           ;
+----------------------------------+-----------------+------------------------+--------------------------------------------------------------------------+---------+
; File Name with User-Entered Path ; Used in Netlist ; File Type              ; File Name with Absolute Path                                             ; Library ;
+----------------------------------+-----------------+------------------------+--------------------------------------------------------------------------+---------+
; registerarray.v                  ; yes             ; User Verilog HDL File  ; C:/Users/Chris/Desktop/School/ECE 473/Labs/Lab 5/Quartus/registerarray.v ;         ;
+----------------------------------+-----------------+------------------------+--------------------------------------------------------------------------+---------+


+-----------------------------------------------------+
; Analysis & Synthesis Resource Usage Summary         ;
+---------------------------------------------+-------+
; Resource                                    ; Usage ;
+---------------------------------------------+-------+
; Estimated Total logic elements              ; 3,093 ;
;                                             ;       ;
; Total combinational functions               ; 2111  ;
; Logic element usage by number of LUT inputs ;       ;
;     -- 4 input functions                    ; 1973  ;
;     -- 3 input functions                    ; 101   ;
;     -- <=2 input functions                  ; 37    ;
;                                             ;       ;
; Logic elements by mode                      ;       ;
;     -- normal mode                          ; 2111  ;
;     -- arithmetic mode                      ; 0     ;
;                                             ;       ;
; Total registers                             ; 1120  ;
;     -- Dedicated logic registers            ; 1120  ;
;     -- I/O registers                        ; 0     ;
;                                             ;       ;
; I/O pins                                    ; 152   ;
; Embedded Multiplier 9-bit elements          ; 0     ;
; Maximum fan-out node                        ; clock ;
; Maximum fan-out                             ; 1120  ;
; Total fan-out                               ; 11720 ;
; Average fan-out                             ; 3.46  ;
+---------------------------------------------+-------+


+-----------------------------------------------------------------------------------------------------------------------------------------------------------------------------+
; Analysis & Synthesis Resource Utilization by Entity                                                                                                                         ;
+----------------------------+-------------------+--------------+-------------+--------------+---------+-----------+------+--------------+---------------------+--------------+
; Compilation Hierarchy Node ; LC Combinationals ; LC Registers ; Memory Bits ; DSP Elements ; DSP 9x9 ; DSP 18x18 ; Pins ; Virtual Pins ; Full Hierarchy Name ; Library Name ;
+----------------------------+-------------------+--------------+-------------+--------------+---------+-----------+------+--------------+---------------------+--------------+
; |registerarray             ; 2111 (2111)       ; 1120 (1120)  ; 0           ; 0            ; 0       ; 0         ; 152  ; 0            ; |registerarray      ; work         ;
+----------------------------+-------------------+--------------+-------------+--------------+---------+-----------+------+--------------+---------------------+--------------+
Note: For table entries with two numbers listed, the numbers in parentheses indicate the number of resources of the given type used by the specific entity alone. The numbers listed outside of parentheses indicate the total resources of the given type used by the specific entity and all of its sub-entities in the hierarchy.


+------------------------------------------------------+
; General Register Statistics                          ;
+----------------------------------------------+-------+
; Statistic                                    ; Value ;
+----------------------------------------------+-------+
; Total registers                              ; 1120  ;
; Number of registers using Synchronous Clear  ; 0     ;
; Number of registers using Synchronous Load   ; 0     ;
; Number of registers using Asynchronous Clear ; 0     ;
; Number of registers using Asynchronous Load  ; 0     ;
; Number of registers using Clock Enable       ; 1115  ;
; Number of registers using Preset             ; 0     ;
+----------------------------------------------+-------+


+---------------------------------------------------+
; Inverted Register Statistics                      ;
+-----------------------------------------+---------+
; Inverted Register                       ; Fan out ;
+-----------------------------------------+---------+
; regarray[25][0]                         ; 3       ;
; regarray[21][0]                         ; 3       ;
; regarray[17][0]                         ; 3       ;
; regarray[29][0]                         ; 3       ;
; regarray[27][0]                         ; 3       ;
; regarray[23][0]                         ; 3       ;
; regarray[19][0]                         ; 3       ;
; regarray[31][0]                         ; 3       ;
; regarray[9][0]                          ; 3       ;
; regarray[11][0]                         ; 3       ;
; regarray[5][0]                          ; 3       ;
; regarray[7][0]                          ; 3       ;
; regarray[1][0]                          ; 4       ;
; regarray[3][0]                          ; 3       ;
; regarray[13][0]                         ; 3       ;
; regarray[15][0]                         ; 3       ;
; regarray[26][1]                         ; 3       ;
; regarray[22][1]                         ; 3       ;
; regarray[18][1]                         ; 3       ;
; regarray[30][1]                         ; 3       ;
; regarray[23][1]                         ; 3       ;
; regarray[27][1]                         ; 3       ;
; regarray[19][1]                         ; 3       ;
; regarray[31][1]                         ; 3       ;
; regarray[6][1]                          ; 3       ;
; regarray[7][1]                          ; 3       ;
; regarray[10][1]                         ; 3       ;
; regarray[11][1]                         ; 3       ;
; regarray[2][1]                          ; 4       ;
; regarray[3][1]                          ; 3       ;
; regarray[14][1]                         ; 3       ;
; regarray[15][1]                         ; 3       ;
; regarray[22][2]                         ; 3       ;
; regarray[30][2]                         ; 3       ;
; regarray[21][2]                         ; 3       ;
; regarray[29][2]                         ; 3       ;
; regarray[20][2]                         ; 3       ;
; regarray[28][2]                         ; 3       ;
; regarray[23][2]                         ; 3       ;
; regarray[31][2]                         ; 3       ;
; regarray[5][2]                          ; 3       ;
; regarray[6][2]                          ; 3       ;
; regarray[4][2]                          ; 4       ;
; regarray[7][2]                          ; 3       ;
; regarray[13][2]                         ; 3       ;
; regarray[14][2]                         ; 3       ;
; regarray[12][2]                         ; 3       ;
; regarray[15][2]                         ; 3       ;
; regarray[25][3]                         ; 3       ;
; regarray[29][3]                         ; 3       ;
; regarray[26][3]                         ; 3       ;
; regarray[30][3]                         ; 3       ;
; regarray[24][3]                         ; 3       ;
; regarray[28][3]                         ; 3       ;
; regarray[27][3]                         ; 3       ;
; regarray[31][3]                         ; 3       ;
; regarray[9][3]                          ; 3       ;
; regarray[10][3]                         ; 3       ;
; regarray[8][3]                          ; 4       ;
; regarray[11][3]                         ; 3       ;
; regarray[14][3]                         ; 3       ;
; regarray[13][3]                         ; 3       ;
; regarray[12][3]                         ; 3       ;
; regarray[15][3]                         ; 3       ;
; regarray[22][4]                         ; 3       ;
; regarray[26][4]                         ; 3       ;
; regarray[18][4]                         ; 3       ;
; regarray[30][4]                         ; 3       ;
; regarray[25][4]                         ; 3       ;
; regarray[21][4]                         ; 3       ;
; regarray[17][4]                         ; 3       ;
; regarray[29][4]                         ; 3       ;
; regarray[20][4]                         ; 3       ;
; regarray[24][4]                         ; 3       ;
; regarray[16][4]                         ; 4       ;
; regarray[28][4]                         ; 3       ;
; regarray[27][4]                         ; 3       ;
; regarray[23][4]                         ; 3       ;
; regarray[19][4]                         ; 3       ;
; regarray[31][4]                         ; 3       ;
; Total number of inverted registers = 80 ;         ;
+-----------------------------------------+---------+


+------------------------------------------------------------------------------------------------------------------------------------------------------+
; Multiplexer Restructuring Statistics (Restructuring Performed)                                                                                       ;
+--------------------+-----------+---------------+----------------------+------------------------+------------+----------------------------------------+
; Multiplexer Inputs ; Bus Width ; Baseline Area ; Area if Restructured ; Saving if Restructured ; Registered ; Example Multiplexer Output             ;
+--------------------+-----------+---------------+----------------------+------------------------+------------+----------------------------------------+
; 4:1                ; 27 bits   ; 54 LEs        ; 27 LEs               ; 27 LEs                 ; Yes        ; |registerarray|regarray[31][20]        ;
; 4:1                ; 28 bits   ; 56 LEs        ; 28 LEs               ; 28 LEs                 ; Yes        ; |registerarray|regarray[30][27]        ;
; 4:1                ; 28 bits   ; 56 LEs        ; 28 LEs               ; 28 LEs                 ; Yes        ; |registerarray|regarray[29][5]         ;
; 4:1                ; 29 bits   ; 58 LEs        ; 29 LEs               ; 29 LEs                 ; Yes        ; |registerarray|regarray[28][17]        ;
; 4:1                ; 28 bits   ; 56 LEs        ; 28 LEs               ; 28 LEs                 ; Yes        ; |registerarray|regarray[27][5]         ;
; 4:1                ; 29 bits   ; 58 LEs        ; 29 LEs               ; 29 LEs                 ; Yes        ; |registerarray|regarray[26][23]        ;
; 4:1                ; 29 bits   ; 58 LEs        ; 29 LEs               ; 29 LEs                 ; Yes        ; |registerarray|regarray[25][16]        ;
; 4:1                ; 30 bits   ; 60 LEs        ; 30 LEs               ; 30 LEs                 ; Yes        ; |registerarray|regarray[24][7]         ;
; 4:1                ; 28 bits   ; 56 LEs        ; 28 LEs               ; 28 LEs                 ; Yes        ; |registerarray|regarray[23][18]        ;
; 4:1                ; 29 bits   ; 58 LEs        ; 29 LEs               ; 29 LEs                 ; Yes        ; |registerarray|regarray[22][7]         ;
; 4:1                ; 29 bits   ; 58 LEs        ; 29 LEs               ; 29 LEs                 ; Yes        ; |registerarray|regarray[21][28]        ;
; 4:1                ; 30 bits   ; 60 LEs        ; 30 LEs               ; 30 LEs                 ; Yes        ; |registerarray|regarray[20][0]         ;
; 4:1                ; 29 bits   ; 58 LEs        ; 29 LEs               ; 29 LEs                 ; Yes        ; |registerarray|regarray[19][23]        ;
; 4:1                ; 30 bits   ; 60 LEs        ; 30 LEs               ; 30 LEs                 ; Yes        ; |registerarray|regarray[18][14]        ;
; 4:1                ; 30 bits   ; 60 LEs        ; 30 LEs               ; 30 LEs                 ; Yes        ; |registerarray|regarray[17][5]         ;
; 4:1                ; 31 bits   ; 62 LEs        ; 31 LEs               ; 31 LEs                 ; Yes        ; |registerarray|regarray[16][15]        ;
; 4:1                ; 28 bits   ; 56 LEs        ; 28 LEs               ; 28 LEs                 ; Yes        ; |registerarray|regarray[15][11]        ;
; 4:1                ; 29 bits   ; 58 LEs        ; 29 LEs               ; 29 LEs                 ; Yes        ; |registerarray|regarray[14][11]        ;
; 4:1                ; 29 bits   ; 58 LEs        ; 29 LEs               ; 29 LEs                 ; Yes        ; |registerarray|regarray[13][11]        ;
; 4:1                ; 30 bits   ; 60 LEs        ; 30 LEs               ; 30 LEs                 ; Yes        ; |registerarray|regarray[12][4]         ;
; 4:1                ; 29 bits   ; 58 LEs        ; 29 LEs               ; 29 LEs                 ; Yes        ; |registerarray|regarray[11][10]        ;
; 4:1                ; 30 bits   ; 60 LEs        ; 30 LEs               ; 30 LEs                 ; Yes        ; |registerarray|regarray[10][0]         ;
; 4:1                ; 30 bits   ; 60 LEs        ; 30 LEs               ; 30 LEs                 ; Yes        ; |registerarray|regarray[9][31]         ;
; 4:1                ; 31 bits   ; 62 LEs        ; 31 LEs               ; 31 LEs                 ; Yes        ; |registerarray|regarray[8][20]         ;
; 4:1                ; 29 bits   ; 58 LEs        ; 29 LEs               ; 29 LEs                 ; Yes        ; |registerarray|regarray[7][13]         ;
; 4:1                ; 30 bits   ; 60 LEs        ; 30 LEs               ; 30 LEs                 ; Yes        ; |registerarray|regarray[6][9]          ;
; 4:1                ; 30 bits   ; 60 LEs        ; 30 LEs               ; 30 LEs                 ; Yes        ; |registerarray|regarray[5][11]         ;
; 4:1                ; 31 bits   ; 62 LEs        ; 31 LEs               ; 31 LEs                 ; Yes        ; |registerarray|regarray[4][15]         ;
; 4:1                ; 30 bits   ; 60 LEs        ; 30 LEs               ; 30 LEs                 ; Yes        ; |registerarray|regarray[3][29]         ;
; 4:1                ; 31 bits   ; 62 LEs        ; 31 LEs               ; 31 LEs                 ; Yes        ; |registerarray|regarray[2][23]         ;
; 4:1                ; 31 bits   ; 62 LEs        ; 31 LEs               ; 31 LEs                 ; Yes        ; |registerarray|regarray[1][13]         ;
; 4:1                ; 32 bits   ; 64 LEs        ; 32 LEs               ; 32 LEs                 ; Yes        ; |registerarray|regarray[0][22]         ;
; 32:1               ; 32 bits   ; 672 LEs       ; 672 LEs              ; 0 LEs                  ; Yes        ; |registerarray|data_out_1[8]~reg0      ;
; 32:1               ; 32 bits   ; 672 LEs       ; 672 LEs              ; 0 LEs                  ; Yes        ; |registerarray|data_out_2[4]~reg0      ;
; 32:1               ; 32 bits   ; 672 LEs       ; 672 LEs              ; 0 LEs                  ; Yes        ; |registerarray|data_out_debug[28]~reg0 ;
; 4:1                ; 5 bits    ; 10 LEs        ; 5 LEs                ; 5 LEs                  ; Yes        ; |registerarray|regarray[31][3]         ;
; 4:1                ; 4 bits    ; 8 LEs         ; 4 LEs                ; 4 LEs                  ; Yes        ; |registerarray|regarray[30][3]         ;
; 4:1                ; 4 bits    ; 8 LEs         ; 4 LEs                ; 4 LEs                  ; Yes        ; |registerarray|regarray[29][0]         ;
; 4:1                ; 3 bits    ; 6 LEs         ; 3 LEs                ; 3 LEs                  ; Yes        ; |registerarray|regarray[28][2]         ;
; 4:1                ; 4 bits    ; 8 LEs         ; 4 LEs                ; 4 LEs                  ; Yes        ; |registerarray|regarray[27][1]         ;
; 4:1                ; 3 bits    ; 6 LEs         ; 3 LEs                ; 3 LEs                  ; Yes        ; |registerarray|regarray[26][3]         ;
; 4:1                ; 3 bits    ; 6 LEs         ; 3 LEs                ; 3 LEs                  ; Yes        ; |registerarray|regarray[25][0]         ;
; 4:1                ; 2 bits    ; 4 LEs         ; 2 LEs                ; 2 LEs                  ; Yes        ; |registerarray|regarray[24][3]         ;
; 4:1                ; 4 bits    ; 8 LEs         ; 4 LEs                ; 4 LEs                  ; Yes        ; |registerarray|regarray[23][2]         ;
; 4:1                ; 3 bits    ; 6 LEs         ; 3 LEs                ; 3 LEs                  ; Yes        ; |registerarray|regarray[22][2]         ;
; 4:1                ; 3 bits    ; 6 LEs         ; 3 LEs                ; 3 LEs                  ; Yes        ; |registerarray|regarray[21][4]         ;
; 4:1                ; 2 bits    ; 4 LEs         ; 2 LEs                ; 2 LEs                  ; Yes        ; |registerarray|regarray[20][4]         ;
; 4:1                ; 3 bits    ; 6 LEs         ; 3 LEs                ; 3 LEs                  ; Yes        ; |registerarray|regarray[19][1]         ;
; 4:1                ; 2 bits    ; 4 LEs         ; 2 LEs                ; 2 LEs                  ; Yes        ; |registerarray|regarray[18][4]         ;
; 4:1                ; 2 bits    ; 4 LEs         ; 2 LEs                ; 2 LEs                  ; Yes        ; |registerarray|regarray[17][4]         ;
; 4:1                ; 4 bits    ; 8 LEs         ; 4 LEs                ; 4 LEs                  ; Yes        ; |registerarray|regarray[15][2]         ;
; 4:1                ; 3 bits    ; 6 LEs         ; 3 LEs                ; 3 LEs                  ; Yes        ; |registerarray|regarray[14][2]         ;
; 4:1                ; 3 bits    ; 6 LEs         ; 3 LEs                ; 3 LEs                  ; Yes        ; |registerarray|regarray[13][0]         ;
; 4:1                ; 2 bits    ; 4 LEs         ; 2 LEs                ; 2 LEs                  ; Yes        ; |registerarray|regarray[12][2]         ;
; 4:1                ; 3 bits    ; 6 LEs         ; 3 LEs                ; 3 LEs                  ; Yes        ; |registerarray|regarray[11][1]         ;
; 4:1                ; 2 bits    ; 4 LEs         ; 2 LEs                ; 2 LEs                  ; Yes        ; |registerarray|regarray[10][1]         ;
; 4:1                ; 2 bits    ; 4 LEs         ; 2 LEs                ; 2 LEs                  ; Yes        ; |registerarray|regarray[9][3]          ;
; 4:1                ; 3 bits    ; 6 LEs         ; 3 LEs                ; 3 LEs                  ; Yes        ; |registerarray|regarray[7][0]          ;
; 4:1                ; 2 bits    ; 4 LEs         ; 2 LEs                ; 2 LEs                  ; Yes        ; |registerarray|regarray[6][2]          ;
; 4:1                ; 2 bits    ; 4 LEs         ; 2 LEs                ; 2 LEs                  ; Yes        ; |registerarray|regarray[5][0]          ;
; 4:1                ; 2 bits    ; 4 LEs         ; 2 LEs                ; 2 LEs                  ; Yes        ; |registerarray|regarray[3][1]          ;
+--------------------+-----------+---------------+----------------------+------------------------+------------+----------------------------------------+


+-------------------------------+
; Elapsed Time Per Partition    ;
+----------------+--------------+
; Partition Name ; Elapsed Time ;
+----------------+--------------+
; Top            ; 00:00:04     ;
+----------------+--------------+


+-------------------------------+
; Analysis & Synthesis Messages ;
+-------------------------------+
Info: *******************************************************************
Info: Running Quartus II 64-Bit Analysis & Synthesis
    Info: Version 13.0.1 Build 232 06/12/2013 Service Pack 1 SJ Web Edition
    Info: Processing started: Thu Oct 22 16:41:44 2015
Info: Command: quartus_map --read_settings_files=on --write_settings_files=off LPM -c LPM
Warning (20028): Parallel compilation is not licensed and has been disabled
Info (12021): Found 1 design units, including 1 entities, in source file register.v
    Info (12023): Found entity 1: register
Info (12021): Found 2 design units, including 1 entities, in source file ramlpm.vhd
    Info (12022): Found design unit 1: ramlpm-SYN
    Info (12023): Found entity 1: ramlpm
Info (12021): Found 1 design units, including 1 entities, in source file registerarray.v
    Info (12023): Found entity 1: registerarray
Info (12021): Found 1 design units, including 1 entities, in source file ram.v
    Info (12023): Found entity 1: ram
Info (12021): Found 1 design units, including 1 entities, in source file rom.v
    Info (12023): Found entity 1: rom
Info (12021): Found 1 design units, including 1 entities, in source file block diagram.bdf
    Info (12023): Found entity 1: Block Diagram
Info (12021): Found 2 design units, including 1 entities, in source file debounce.vhd
    Info (12022): Found design unit 1: debounce-a
    Info (12023): Found entity 1: debounce
Info (12021): Found 2 design units, including 1 entities, in source file clk_div.vhd
    Info (12022): Found design unit 1: clk_div-a
    Info (12023): Found entity 1: clk_div
Info (12021): Found 2 design units, including 1 entities, in source file de2_clock.vhd
    Info (12022): Found design unit 1: DE2_CLOCK-a
    Info (12023): Found entity 1: DE2_CLOCK
Info (12021): Found 2 design units, including 1 entities, in source file dec_7seg.vhd
    Info (12022): Found design unit 1: dec_7seg-a
    Info (12023): Found entity 1: dec_7seg
Info (12021): Found 1 design units, including 1 entities, in source file counter.v
    Info (12023): Found entity 1: counter
Info (12021): Found 1 design units, including 1 entities, in source file program counter.v
    Info (12023): Found entity 1: program_counter
Info (12021): Found 1 design units, including 1 entities, in source file alu.v
    Info (12023): Found entity 1: ALU
Info (12021): Found 1 design units, including 1 entities, in source file lpm.bdf
    Info (12023): Found entity 1: LPM
Info (12021): Found 1 design units, including 1 entities, in source file mux.v
    Info (12023): Found entity 1: fivemux
Info (12021): Found 1 design units, including 1 entities, in source file lpm_mux0.v
    Info (12023): Found entity 1: lpm_mux0
Info (12021): Found 1 design units, including 1 entities, in source file lpm_mux1.v
    Info (12023): Found entity 1: lpm_mux1
Info (12021): Found 2 design units, including 1 entities, in source file lcd_display.vhd
    Info (12022): Found design unit 1: LCD_Display-a
    Info (12023): Found entity 1: LCD_Display
Info (12021): Found 1 design units, including 1 entities, in source file hexdigit.v
    Info (12023): Found entity 1: hexdigit
Info (12127): Elaborating entity "registerarray" for the top level hierarchy
Info (144001): Generated suppressed messages file C:/Users/Chris/Desktop/School/ECE 473/Labs/Lab 5/Quartus/output_files/LPM.map.smsg
Info (16010): Generating hard_block partition "hard_block:auto_generated_inst"
    Info (16011): Adding 0 node(s), including 0 DDIO, 0 PLL, 0 transceiver and 0 LCELL
Warning (21074): Design contains 1 input pin(s) that do not drive logic
    Warning (15610): No output dependent on input pin "clock_debug"
Info (21057): Implemented 3282 device resources after synthesis - the final resource count might be different
    Info (21058): Implemented 56 input pins
    Info (21059): Implemented 96 output pins
    Info (21061): Implemented 3130 logic cells
Info: Quartus II 64-Bit Analysis & Synthesis was successful. 0 errors, 3 warnings
    Info: Peak virtual memory: 528 megabytes
    Info: Processing ended: Thu Oct 22 16:41:51 2015
    Info: Elapsed time: 00:00:07
    Info: Total CPU time (on all processors): 00:00:06


+------------------------------------------+
; Analysis & Synthesis Suppressed Messages ;
+------------------------------------------+
The suppressed messages can be found in C:/Users/Chris/Desktop/School/ECE 473/Labs/Lab 5/Quartus/output_files/LPM.map.smsg.


